STAR version=2.7.10b
STAR compilation time,server,dir=2022-11-01T09:53:26-04:00 :/home/dobin/data/STAR/STARcode/STAR.master/source
STAR git: On branch master ; commit c6f8efc2c7043ef83bf8b0d9bed36bbb6b9b1133 ; diff files: CHANGES.md 
##### Command Line:
/home/ywwang/miniconda3/envs/PyRNASeq/bin/STAR --genomeSAindexNbases 11 --runMode genomeGenerate --genomeDir /home/ywwang/phdProject/PyOmics/example/rnaseq/genome --runThreadN 40 --genomeFastaFiles /home/ywwang/phdProject/PyOmics/example/rnaseq/genome/chr22.fa --sjdbGTFfile /home/ywwang/phdProject/PyOmics/example/rnaseq/genome/chr22.gtf
##### Initial USER parameters from Command Line:
###### All USER parameters from Command Line:
genomeSAindexNbases           11     ~RE-DEFINED
runMode                       genomeGenerate        ~RE-DEFINED
genomeDir                     /home/ywwang/phdProject/PyOmics/example/rnaseq/genome     ~RE-DEFINED
runThreadN                    40     ~RE-DEFINED
genomeFastaFiles              /home/ywwang/phdProject/PyOmics/example/rnaseq/genome/chr22.fa        ~RE-DEFINED
sjdbGTFfile                   /home/ywwang/phdProject/PyOmics/example/rnaseq/genome/chr22.gtf     ~RE-DEFINED
##### Finished reading parameters from all sources

##### Final user re-defined parameters-----------------:
runMode                           genomeGenerate   
runThreadN                        40
genomeDir                         /home/ywwang/phdProject/PyOmics/example/rnaseq/genome
genomeFastaFiles                  /home/ywwang/phdProject/PyOmics/example/rnaseq/genome/chr22.fa   
genomeSAindexNbases               11
sjdbGTFfile                       /home/ywwang/phdProject/PyOmics/example/rnaseq/genome/chr22.gtf

-------------------------------
##### Final effective command line:
/home/ywwang/miniconda3/envs/PyRNASeq/bin/STAR   --runMode genomeGenerate      --runThreadN 40   --genomeDir /home/ywwang/phdProject/PyOmics/example/rnaseq/genome   --genomeFastaFiles /home/ywwang/phdProject/PyOmics/example/rnaseq/genome/chr22.fa      --genomeSAindexNbases 11   --sjdbGTFfile /home/ywwang/phdProject/PyOmics/example/rnaseq/genome/chr22.gtf
----------------------------------------

Number of fastq files for each mate = 1
ParametersSolo: --soloCellFilterType CellRanger2.2 filtering parameters:  3000 0.99 10
Finished loading and checking parameters
--genomeDir directory exists and will be overwritten: /home/ywwang/phdProject/PyOmics/example/rnaseq/genome/
